38:49.637 [401bd3dc] [SDL] SDL_Deinit( 0x0 )

38:49.637 [401bd3dc] >SAL_EventDestroy pEv=683c9ad0
38:49.637 [401bd3dc]  SAL_EventDestroy pEv=683c9ad0, locked Mutex
38:49.637 [401bd3dc] >[SAL]Sleep 10...
38:49.647 [401bd3dc]  SAL_EventDestroy pEv=683c9ad0, destroying cond 683c9adc...
38:49.647 [401bd3dc]  SAL_EventDestroy pEv=683c9ad0, pthread_cond_destroy rc=0
38:49.647 [401bd3dc] <SAL_MemFree 683c9ad0
38:49.647 [401bd3dc] <SAL_EventDestroy
38:49.647 [401bd3dc] >SAL_EventDestroy pEv=680b9320
38:49.647 [401bd3dc]  SAL_EventDestroy pEv=680b9320, locked Mutex
38:49.647 [401bd3dc] >[SAL]Sleep 10...
38:49.657 [401bd3dc]  SAL_EventDestroy pEv=680b9320, destroying cond 680b932c...
38:49.657 [401bd3dc]  SAL_EventDestroy pEv=680b9320, pthread_cond_destroy rc=0
38:49.657 [401bd3dc] <SAL_MemFree 680b9320
38:49.657 [401bd3dc] <SAL_EventDestroy
38:49.657 [401bd3dc] >SAL_EventDestroy pEv=680b9308
38:49.657 [401bd3dc]  SAL_EventDestroy pEv=680b9308, locked Mutex
38:49.657 [401bd3dc] >[SAL]Sleep 10...
38:49.668 [401bd3dc]  SAL_EventDestroy pEv=680b9308, destroying cond 680b9314...
38:49.668 [401bd3dc]  SAL_EventDestroy pEv=680b9308, pthread_cond_destroy rc=0
38:49.668 [401bd3dc] <SAL_MemFree 680b9308
38:49.668 [401bd3dc] <SAL_EventDestroy
38:49.668 [401bd3dc] [API] destroySDL

38:49.668 [401bd3dc] [API] SDLAPI_Close

38:54.224 [401bd3dc] SE4500:setCamIOCtl: pfn=0x64e31f49 pCtx=680B9008
38:54.224 [401bd3dc] [API] SDLAPI_Open pV=41d28e90

38:54.224 [401bd3dc] [API] createSDL

38:54.224 [401bd3dc] >CfgGet: pvOut=bea533f4, max=4
38:54.225 [401bd3dc] <SAL_MemAlloc 6519b080 179 bytes
38:54.225 [401bd3dc] CfgGet: read 178, squished to 163 bytes

38:54.225 [401bd3dc] SAL_GetSysProperty: [name=AllowParamBarcodes, type=0, pvOut=bea533f4, nBytes=4] CfgGet FAILED iRet=-2

38:54.225 [401bd3dc] >CfgGet: pvOut=bea533f4, max=4
38:54.225 [401bd3dc] SAL_GetSysProperty: [name=PicklistMode, type=0, pvOut=bea533f4, nBytes=4] CfgGet FAILED iRet=-2

38:54.225 [401bd3dc] <SAL_MemAllocClr 6519b138 20 bytes
38:54.225 [401bd3dc] >SAL_EventCreate
38:54.225 [401bd3dc] <SAL_EventCreate pEv=6519b138 size=20
38:54.225 [401bd3dc] [API] createSDL s_hSDLDevice=694b0664

38:54.225 [401bd3dc] [SDL] SDL_IOControl: code=0xa

38:54.225 [401bd3dc] >SE45Ial:getAttachments
38:54.225 [401bd3dc] IAL_DiscoverImagers() ...
38:54.225 [401bd3dc] >CfgGet: pvOut=bea5330c, max=32
38:54.225 [401bd3dc] >CfgGet: pvOut=bea532ec, max=32
38:54.225 [401bd3dc] IAL: GetI2CInterface() [Android//dev/moto_sdl]
38:54.225 [401bd3dc] <SAL_MemAllocClr 6519b150 20 bytes
38:54.225 [401bd3dc] <SAL_MutexCreate 6519b150
38:54.225 [401bd3dc] I2cLinux::I2cLinux() open() OK
38:54.225 [401bd3dc] IAL_GetImagerList() ...
38:54.225 [401bd3dc] <SE45Ial:getAttachments
38:54.225 [401bd3dc] >CfgGet: pvOut=bea53388, max=4
38:54.254 [401bd3dc] >CfgGet: pvOut=bea532e0, max=4
38:54.254 [401bd3dc] SAL_GetSysProperty: [name=PixelClkFreq, type=0, pvOut=bea532e0, nBytes=4] CfgGet FAILED iRet=-2

38:54.254 [401bd3dc] [SDL] SDL_IOControl: code=0xa, dwRet=0

38:54.254 [401bd3dc] [API] SDLAPI_Open: SUCCESS!!

38:54.254 [401bd3dc] [API] SDLAPI_RegEventCB pfn=64e31df5, pCtx=680b9008
38:54.254 [401bd3dc] [API] SDLAPI_RegFrameCB pfn=64e3183d, pCtx=680b9008
38:54.254 [401bd3dc] [API] SDLAPI_Attach

38:54.254 [401bd3dc] <SAL_MemAllocClr 6519b1c8 20 bytes
38:54.254 [401bd3dc] >SAL_EventCreate
38:54.254 [401bd3dc] <SAL_EventCreate pEv=6519b1c8 size=20
38:54.254 [401bd3dc] <SAL_MemAllocClr 6519b1e0 20 bytes
38:54.254 [401bd3dc] >SAL_EventCreate
38:54.254 [401bd3dc] <SAL_EventCreate pEv=6519b1e0 size=20
38:54.254 [401bd3dc] [SDL] SDL_IOControl: code=0x1

38:54.254 [401bd3dc] [API] SDL_Connect
38:54.254 [401bd3dc] <SAL_MemAllocClr 6519b1f8 20 bytes
38:54.254 [401bd3dc] <SAL_SemaphoreCreate 6519b1f8
38:54.254 [401bd3dc] <SAL_MemAllocClr 6519b210 20 bytes
38:54.254 [401bd3dc] <SAL_MutexCreate 6519b210
38:54.254 [401bd3dc] [EVT] Post -> evSysModeChange(Decode)
38:54.254 [401bd3dc] <SAL_MemAllocClr 6519b228 20 bytes
38:54.254 [401bd3dc] <SAL_MutexCreate 6519b228
38:54.254 [401bd3dc] <SAL_MemAllocClr 6519b240 20 bytes
38:54.254 [401bd3dc] <SAL_MutexCreate 6519b240
38:54.254 [401bd3dc] <SAL_MemAllocClr 6519b258 20 bytes
38:54.254 [401bd3dc] <SAL_SemaphoreCreate 6519b258
38:54.254 [401bd3dc] <SAL_MemAllocClr 6519b270 20 bytes
38:54.254 [401bd3dc] >SAL_EventCreate
38:54.254 [401bd3dc] <SAL_EventCreate pEv=6519b270 size=20
38:54.254 [401bd3dc] <SAL_MemAllocClr 6519b288 20 bytes
38:54.254 [401bd3dc] >SAL_EventCreate
38:54.254 [401bd3dc] <SAL_EventCreate pEv=6519b288 size=20
38:54.254 [401bd3dc] <SAL_MemAllocClr 6519b2a0 24 bytes
38:54.254 [401bd3dc] <SAL_MemAllocClr 6519b2c0 20 bytes
38:54.254 [401bd3dc] >SAL_EventCreate
38:54.254 [401bd3dc] <SAL_EventCreate pEv=6519b2c0 size=20
38:54.254 [401bd3dc] <SAL_ThreadCreate: 6519b2d8 SUCCESS (count=4, ptc=6519b2a0, size=24)
38:54.254 [6519b2d8] >ctl_thread [5] started
38:54.254 [401bd3dc] >CfgGet: pvOut=bea5335c, max=4
38:54.254 [6519b2d8] [DEC] Decode thread start
38:54.254 [401bd3dc] SAL_GetSysProperty: [name=DecodeThreadPriority, type=0, pvOut=bea5335c, nBytes=4] CfgGet FAILED iRet=-2

38:54.254 [401bd3dc] [DEC]_InitModule: DecOpen ret=0 errno=22
38:54.254 [401bd3dc] <SAL_InitModule

38:54.254 [401bd3dc] >SE45WinCeIal::open
38:54.254 [401bd3dc] >IalLib::connect isValid=1
38:54.254 [401bd3dc] IAL_Connect() ...
38:54.254 [401bd3dc] >SE4500:Connect
38:54.254 [401bd3dc] <SAL_MemAllocClr 680b9358 20 bytes
38:54.254 [401bd3dc] >SAL_EventCreate
38:54.254 [401bd3dc] <SAL_EventCreate pEv=680b9358 size=20
38:54.254 [401bd3dc] SE4500:Connect - Calling Camera Ioctl - SE45_IOCTL_ALLOC_BUFFER
38:54.263 [401bd3dc] SE4500:Connect - Creating Moto SDL system thread
38:54.263 [401bd3dc] <SAL_MemAllocClr 680b9370 24 bytes
38:54.263 [401bd3dc] <SAL_MemAllocClr 680b9390 20 bytes
38:54.263 [401bd3dc] >SAL_EventCreate
38:54.263 [401bd3dc] <SAL_EventCreate pEv=680b9390 size=20
38:54.264 [401bd3dc] <SAL_ThreadCreate: 683c7580 SUCCESS (count=0, ptc=680b9370, size=24)
38:54.264 [683c7580] >ctl_thread [1] started
38:54.264 [683c7580] >IAL thread - SE4500:handle_events STARTED
38:54.264 [401bd3dc] >SE4500:StopSession
38:54.264 [401bd3dc] <SE4500:StopSession
38:54.264 [401bd3dc] <SE4500:Connect ret=0
38:54.264 [401bd3dc] <SE45WinCeIal::open
38:54.264 [683c7580] >WaitForEvent[683c7580] pWait=680b9358
38:54.264 [683c7580] WaitForEvent[683c7580] waiting...
38:54.278 [401bd3dc] [SCN] issueEngineCmd-1: SE45OP_AUTH [7f] (19) to SE45xx = OK
38:54.291 [401bd3dc] [SCN] issueEngineCmd-1: SE45OP_RESET [57] (1) to SE45xx = OK
38:54.291 [401bd3dc] >[SAL]Sleep 50...
38:54.355 [401bd3dc] [SCN] issueEngineCmd-1: SE45OP_GETPARAM [70] (12) to SE45xx = OK
38:54.355 [401bd3dc] [SCN] DPM-cal params: (612,411), (702,414), (105,312), (500,512)
38:54.355 [401bd3dc] Committing script [ScriptDecodeActive] len=22 to Eng
38:54.370 [401bd3dc] [SCN] issueEngineCmd-1: SE45OP_WRITESCRIPT [76] (2) to SE45xx = OK
38:54.370 [401bd3dc] Committing script [ScriptAllIdle] len=16 to Eng
38:54.384 [401bd3dc] [SCN] issueEngineCmd-1: SE45OP_WRITESCRIPT [76] (3) to SE45xx = OK
38:54.396 [401bd3dc] [SCN] issueEngineCmd-1: SE45OP_TIMETOLOWPOWER [75] (20) to SE45xx = OK
38:54.409 [401bd3dc] [SCN] issueEngineCmd-1: SE45OP_AUTOPOWERREDUCTION [74] (1) to SE45xx = OK
38:54.421 [401bd3dc] [SCN] issueEngineCmd-1: SE45OP_HARDWARE_ASSIST [84] (1) to SE45xx = OK
38:54.421 [401bd3dc] >CfgGet: pvOut=bea5324c, max=4
38:54.421 [401bd3dc] SAL_GetSysProperty: [name=EngineInterface, type=0, pvOut=bea5324c, nBytes=4] CfgGet FAILED iRet=-2

38:54.434 [401bd3dc] [SCN] issueEngineCmd-1: SE45OP_IMAGER_INTERFACE [86] (4) to SE45xx = OK
38:54.452 [401bd3dc] [SCN] issueEngineCmd-1: SE45OP_SET_FRAME_CONFIGS [8e] (0) to SE45xx = OK
38:54.466 [401bd3dc] [SCN] issueEngineCmd-1: SE45OP_SET_FRAME_SEQUENCE [8f] (2) to SE45xx = OK
38:54.466 [401bd3dc] <SAL_MemAllocClr 683c75c0 24 bytes
38:54.466 [401bd3dc] <SAL_MemAllocClr 683c75e0 20 bytes
38:54.466 [401bd3dc] >SAL_EventCreate
38:54.466 [401bd3dc] <SAL_EventCreate pEv=683c75e0 size=20
38:54.466 [401bd3dc] <SAL_ThreadCreate: 683c75f8 SUCCESS (count=5, ptc=683c75c0, size=24)
38:54.466 [401bd3dc] >CfgGet: pvOut=bea53378, max=4
38:54.466 [683c75f8] >ctl_thread [6] started
38:54.466 [683c75f8] [SYS] Main thread start
38:54.466 [401bd3dc] SAL_GetSysProperty: [name=SystemThreadPriority, type=0, pvOut=bea53378, nBytes=4] CfgGet FAILED iRet=-2

38:54.466 [401bd3dc] [SDL] v1.7 : IMGKIT_6.02T10.01
38:54.466 [683c75f8] [EVT] GetEvent <-- evSysModeChange(Decode)
38:54.466 [401bd3dc] [API] SDL_Connect, sdlStatus = 0
38:54.466 [683c75f8] [MOT] Setup for precise scene detect
38:54.466 [401bd3dc] [SDL] SDL_IOControl: code=0x1, dwRet=0

38:54.466 [683c75f8] SetupForSysMode: SYSMODE_DECODE
38:54.466 [401bd3dc] <SAL_MemAllocClr 683c7638 20 bytes
38:54.466 [683c75f8] IAL_StopSession() ...
38:54.466 [401bd3dc] >SAL_EventCreate
38:54.466 [683c75f8] >SE4500:StopSession
38:54.466 [401bd3dc] <SAL_EventCreate pEv=683c7638 size=20
38:54.466 [683c75f8] <SE4500:StopSession
38:54.466 [401bd3dc] <SAL_MemAllocClr 683c7650 20 bytes
38:54.466 [683c75f8] [ACQ] Setting frame consumers for mode change to SYSMODE_DECODE
38:54.466 [401bd3dc] >SAL_EventCreate
38:54.466 [401bd3dc] <SAL_EventCreate pEv=683c7650 size=20
38:54.466 [401bd3dc] <SAL_MemAllocClr 683c7668 24 bytes
38:54.466 [401bd3dc] <SAL_MemAllocClr 683c7688 20 bytes
38:54.466 [401bd3dc] >SAL_EventCreate
38:54.466 [401bd3dc] <SAL_EventCreate pEv=683c7688 size=20
38:54.467 [401bd3dc] <SAL_ThreadCreate: 683c76a0 SUCCESS (count=6, ptc=683c7668, size=24)
38:54.467 [401bd3dc] [API] SDLAPI_Attach: SUCCESS!!

38:54.467 [683c76a0] >ctl_thread [7] started
38:54.467 [401bd3dc] [SDL] SDL_IOControl: code=0x8

38:54.467 [683c76a0] [API] uSDLThreadProc: calling WaitMultiple...
38:54.467 [401bd3dc] [SDL] SDL_IOControl: code=0x8, dwRet=0

38:54.467 [683c76a0] >WaitForEvent[683c76a0] pWait=6519b1e0
38:54.467 [401bd3dc] [SDL] SDL_IOControl: code=0x8

38:54.467 [683c76a0] WaitForEvent[683c76a0] waiting...
38:54.467 [401bd3dc] [SDL] SDL_IOControl: code=0x8, dwRet=0

38:54.479 [683c75f8] [SCN] issueEngineCmd-1: SE45OP_EXECSCRIPT [77] (3) to SE45xx = OK
38:56.264 [683c7580] WaitForEvent[683c7580] wait rc=110, errno=0
38:56.264 [683c7580] <WaitForEvent[683c7580] pWait=680b9358, ret=-1
38:56.264 [683c7580] handle_events: Wait ret=-1
38:56.264 [683c7580] >WaitForEvent[683c7580] pWait=680b9358
38:56.264 [683c7580] WaitForEvent[683c7580] waiting...
38:58.264 [683c7580] WaitForEvent[683c7580] wait rc=110, errno=0
38:58.264 [683c7580] <WaitForEvent[683c7580] pWait=680b9358, ret=-1
38:58.264 [683c7580] handle_events: Wait ret=-1
38:58.264 [683c7580] >WaitForEvent[683c7580] pWait=680b9358
38:58.264 [683c7580] WaitForEvent[683c7580] waiting...
39:00.264 [683c7580] WaitForEvent[683c7580] wait rc=110, errno=0
39:00.264 [683c7580] <WaitForEvent[683c7580] pWait=680b9358, ret=-1
39:00.264 [683c7580] handle_events: Wait ret=-1
39:00.264 [683c7580] >WaitForEvent[683c7580] pWait=680b9358
39:00.264 [683c7580] WaitForEvent[683c7580] waiting...
39:02.265 [683c7580] WaitForEvent[683c7580] wait rc=110, errno=0
39:02.265 [683c7580] <WaitForEvent[683c7580] pWait=680b9358, ret=-1
39:02.265 [683c7580] handle_events: Wait ret=-1
39:02.265 [683c7580] >WaitForEvent[683c7580] pWait=680b9358
39:02.265 [683c7580] WaitForEvent[683c7580] waiting...
39:04.265 [683c7580] WaitForEvent[683c7580] wait rc=110, errno=0
39:04.265 [683c7580] <WaitForEvent[683c7580] pWait=680b9358, ret=-1
39:04.265 [683c7580] handle_events: Wait ret=-1
39:04.265 [683c7580] >WaitForEvent[683c7580] pWait=680b9358
39:04.265 [683c7580] WaitForEvent[683c7580] waiting...
39:04.288 [401bd3dc] [SDL] SDL_IOControl: code=0x15

39:04.288 [401bd3dc] [SDL] SDL_IOControl: code=0x15, dwRet=0

39:06.265 [683c7580] WaitForEvent[683c7580] wait rc=110, errno=0
39:06.265 [683c7580] <WaitForEvent[683c7580] pWait=680b9358, ret=-1
39:06.265 [683c7580] handle_events: Wait ret=-1
39:06.265 [683c7580] >WaitForEvent[683c7580] pWait=680b9358
39:06.265 [683c7580] WaitForEvent[683c7580] waiting...
39:08.265 [683c7580] WaitForEvent[683c7580] wait rc=110, errno=0
39:08.265 [683c7580] <WaitForEvent[683c7580] pWait=680b9358, ret=-1
39:08.265 [683c7580] handle_events: Wait ret=-1
39:08.265 [683c7580] >WaitForEvent[683c7580] pWait=680b9358
39:08.265 [683c7580] WaitForEvent[683c7580] waiting...
39:08.978 [401bd3dc] [SDL] SDL_IOControl: code=0x12

39:08.978 [401bd3dc] [HST]RegisterBuffer[HostDecodeBuf] buf=69cc6008 len=12288
39:08.978 [401bd3dc] [SDL] SDL_IOControl: code=0x12, dwRet=0

39:08.978 [401bd3dc] [SDL] SDL_IOControl: code=0x16

39:08.978 [401bd3dc] [SDL] SDL_IOControl: code=0x16, dwRet=0

39:08.978 [401bd3dc] >SAL_EventReset pEv=6519b1c8
39:08.978 [401bd3dc] <SAL_EventReset ret=1
39:08.978 [401bd3dc] >SAL_EventReset pEv=6519b1e0
39:08.978 [401bd3dc] <SAL_EventReset ret=1
39:08.978 [401bd3dc] [SDL] SDL_IOControl: code=0x17

39:08.979 [401bd3dc] [EVT] Post -> evTriggerPulled
39:08.979 [401bd3dc] [SDL] SDL_IOControl: code=0x17, dwRet=0

39:08.979 [683c75f8] [EVT] GetEvent <-- evTriggerPulled
39:08.979 [683c75f8] [EVT] Post -> evSessionStart(trig)
39:08.979 [683c75f8] >[SAL]TimerCreate 9900 ms
39:08.979 [683c75f8] <SAL_MemAllocClr 65a9f9f0 36 bytes
39:08.979 [683c75f8] <SAL_MemAllocClr 40091eb0 20 bytes
39:08.979 [683c75f8] >SAL_EventCreate
39:08.979 [683c75f8] <SAL_EventCreate pEv=40091eb0 size=20
39:08.979 [683c75f8] <SAL_MemAllocClr 40091ec8 24 bytes
39:08.979 [683c75f8] <SAL_MemAllocClr 40091ee8 20 bytes
39:08.979 [683c75f8] >SAL_EventCreate
39:08.979 [683c75f8] <SAL_EventCreate pEv=40091ee8 size=20
39:08.979 [683c75f8] <SAL_ThreadCreate: 40091f00 SUCCESS (count=7, ptc=40091ec8, size=24)
39:08.979 [40091f00] >ctl_thread [8] started
39:08.979 [683c75f8] <[SAL]TimerCreate pTimer=65a9f9f0, size=36
39:08.979 [40091f00] >[SAL]timer_thread[40091f00]: Starting pv=65a9f9f0, timeout=9900
39:08.979 [683c75f8] [EVT] GetEvent <-- evSessionStart(trig)
39:08.979 [40091f00] [SAL]timer_thread waiting 9900 ms...

39:08.979 [683c75f8] [SYS] sysState = SYSSTATE_ACTIVE
39:08.979 [40091f00] >WaitForEvent[40091f00] pWait=40091eb0
39:08.979 [683c75f8] [MOT] Switching to fast-scene detect
39:08.979 [40091f00] WaitForEvent[40091f00] waiting...
39:08.979 [683c75f8] [CAM] Starting acquisition for a decode session
39:08.979 [683c75f8] IAL_StartSession(2) ...
39:08.979 [683c75f8] >SE4500:StartSession fInSession=0
39:08.979 [683c75f8] <SE4500:StartSession ret=0
39:08.986 [683c75f8] 
I2cLinux::Write: FAILED dwLen=3, ret=-1, errno=5
39:08.986 [683c75f8] >[SAL]Sleep 0...
39:08.986 [683c75f8] SE4500 Err: Unable to send command, retrying.
39:09.004 [683c75f8] [SCN] issueEngineCmd-1: SE45OP_EXECSCRIPT [77] (2) to SE45xx = OK
39:09.004 [683c75f8] [DEC]_StartSession: decCurrState(1), wasMotionInitiated(0)
39:09.004 [683c75f8] [DEC]StartSession ret=0
39:10.265 [683c7580] WaitForEvent[683c7580] wait rc=110, errno=0
39:10.265 [683c7580] <WaitForEvent[683c7580] pWait=680b9358, ret=-1
39:10.265 [683c7580] handle_events: Wait ret=-1
39:10.265 [683c7580] >WaitForEvent[683c7580] pWait=680b9358
39:10.265 [683c7580] WaitForEvent[683c7580] waiting...
39:12.265 [683c7580] WaitForEvent[683c7580] wait rc=110, errno=0
39:12.265 [683c7580] <WaitForEvent[683c7580] pWait=680b9358, ret=-1
39:12.265 [683c7580] handle_events: Wait ret=-1
39:12.265 [683c7580] >WaitForEvent[683c7580] pWait=680b9358
39:12.265 [683c7580] WaitForEvent[683c7580] waiting...
39:14.266 [683c7580] WaitForEvent[683c7580] wait rc=110, errno=0
39:14.266 [683c7580] <WaitForEvent[683c7580] pWait=680b9358, ret=-1
39:14.266 [683c7580] handle_events: Wait ret=-1
39:14.266 [683c7580] >WaitForEvent[683c7580] pWait=680b9358
39:14.266 [683c7580] WaitForEvent[683c7580] waiting...
39:16.266 [683c7580] WaitForEvent[683c7580] wait rc=110, errno=0
39:16.266 [683c7580] <WaitForEvent[683c7580] pWait=680b9358, ret=-1
39:16.266 [683c7580] handle_events: Wait ret=-1
39:16.266 [683c7580] >WaitForEvent[683c7580] pWait=680b9358
39:16.266 [683c7580] WaitForEvent[683c7580] waiting...
39:18.266 [683c7580] WaitForEvent[683c7580] wait rc=110, errno=0
39:18.266 [683c7580] <WaitForEvent[683c7580] pWait=680b9358, ret=-1
39:18.266 [683c7580] handle_events: Wait ret=-1
39:18.266 [683c7580] >WaitForEvent[683c7580] pWait=680b9358
39:18.266 [683c7580] WaitForEvent[683c7580] waiting...
39:18.879 [40091f00] WaitForEvent[40091f00] wait rc=110, errno=0
39:18.879 [40091f00] <WaitForEvent[40091f00] pWait=40091eb0, ret=-1
39:18.879 [40091f00] [SAL]timer_thread: Wait ret = -1 after 9900 ms

39:18.879 [40091f00] [SAL]timer_thread calling SDL EVT_PostEventPtr

39:18.879 [40091f00] [EVT] Post -> evTimeout
39:18.880 [40091f00] [SAL]timer_thread waiting -1 ms...

39:18.880 [40091f00] >WaitForEvent[40091f00] pWait=40091eb0
39:18.880 [40091f00] WaitForEvent[40091f00] waiting...
39:18.880 [683c75f8] [EVT] GetEvent <-- evTimeout
39:18.880 [683c75f8] [SAL] OnSALTimeout doing callback for Event 3

39:18.880 [683c75f8] TSM OnSessionTimeout
39:18.880 [683c75f8] [EVT] Post -> evSessionStop(timeout)
39:18.880 [683c75f8] [EVT] Post -> evSessionTimeout(Decode)
39:18.880 [683c75f8] >[SAL] TimerDestroy 3
39:18.880 [683c75f8] >SAL_EventSet pEv=40091eb0
39:18.880 [683c75f8] <SAL_EventSet ret=1
39:18.880 [683c75f8] >SAL_ThreadJoin(40091ec8, 2500) Thread=683c75f8
39:18.880 [40091f00] WaitForEvent[40091f00] wait rc=0, errno=0
39:18.880 [683c75f8] >WaitForEvent[683c75f8] pWait=40091ee8
39:18.880 [40091f00] <WaitForEvent[40091f00] pWait=40091eb0, ret=0
39:18.880 [40091f00] [SAL]timer_thread: Wait ret = 0 after 0 ms

39:18.880 [40091f00] [SAL]timer_thread: pTimer=65a9f9f0 EXIT
39:18.880 [40091f00] >SAL_EventSet pEv=40091ee8
39:18.880 [40091f00] <SAL_EventSet ret=1
39:18.880 [40091f00] <ctl_thread [8] exit
39:18.880 [683c75f8] WaitForEvent[683c75f8] wait rc=0, errno=5
39:18.880 [683c75f8] <WaitForEvent[683c75f8] pWait=40091ee8, ret=0
39:18.880 [683c75f8] <SAL_ThreadJoin: Thread=683c75f8 ret=0
39:18.880 [683c75f8] >SAL_ThreadDestroy 40091ec8
39:18.880 [683c75f8] >SAL_EventDestroy pEv=40091ee8
39:18.880 [683c75f8]  SAL_EventDestroy pEv=40091ee8, locked Mutex
39:18.880 [683c75f8] >[SAL]Sleep 10...
39:18.890 [683c75f8]  SAL_EventDestroy pEv=40091ee8, destroying cond 40091ef4...
39:18.890 [683c75f8]  SAL_EventDestroy pEv=40091ee8, pthread_cond_destroy rc=0
39:18.890 [683c75f8] <SAL_MemFree 40091ee8
39:18.890 [683c75f8] <SAL_EventDestroy
39:18.890 [683c75f8] <SAL_MemFree 40091ec8
39:18.890 [683c75f8] >SAL_EventDestroy pEv=40091eb0
39:18.890 [683c75f8]  SAL_EventDestroy pEv=40091eb0, locked Mutex
39:18.890 [683c75f8] >[SAL]Sleep 10...
39:18.900 [683c75f8]  SAL_EventDestroy pEv=40091eb0, destroying cond 40091ebc...
39:18.900 [683c75f8]  SAL_EventDestroy pEv=40091eb0, pthread_cond_destroy rc=0
39:18.900 [683c75f8] <SAL_MemFree 40091eb0
39:18.901 [683c75f8] <SAL_EventDestroy
39:18.901 [683c75f8] <SAL_MemFree 65a9f9f0
39:18.901 [683c75f8] [EVT] GetEvent <-- evSessionStop(timeout)
39:18.901 [683c75f8] IAL_StopSession() ...
39:18.901 [683c75f8] >SE4500:StopSession
39:18.902 [683c75f8] <SE4500:StopSession
39:18.916 [683c75f8] [SCN] issueEngineCmd-1: SE45OP_ARMACQUISITION [58] (0) to SE45xx = OK
39:18.916 [683c75f8] [DEC]_StopSession decCurrState(2)
39:18.916 [683c75f8] [SYS] evSessionStop
39:18.916 [683c75f8] [EVT] Post -> evSysModeChange(Decode)
39:18.916 [683c75f8] [EVT] GetEvent <-- evSessionTimeout(Decode)
39:18.916 [683c75f8] [EVT] GetEvent <-- evSysModeChange(Decode)
39:18.916 [683c75f8] [MOT] Setup for precise scene detect
39:18.916 [683c75f8] SetupForSysMode: SYSMODE_DECODE
39:18.916 [683c75f8] IAL_StopSession() ...
39:18.916 [683c75f8] >SE4500:StopSession
39:18.916 [683c75f8] <SE4500:StopSession
39:18.916 [683c75f8] [ACQ] Setting frame consumers for mode change to SYSMODE_DECODE
39:18.930 [683c75f8] [SCN] issueEngineCmd-1: SE45OP_EXECSCRIPT [77] (3) to SE45xx = OK
39:18.930 [683c75f8] [API] IssueEvent id=9, data=1
39:18.930 [683c75f8] [SDL] Event_CB: cbArg=694b0668, event=9, dwArg=1, flags=80
39:18.930 [683c75f8] >SAL_EventSet pEv=6519b1e0
39:18.930 [683c75f8] <SAL_EventSet ret=1
39:18.930 [683c76a0] WaitForEvent[683c76a0] wait rc=0, errno=0
39:18.930 [683c76a0] <WaitForEvent[683c76a0] pWait=6519b1e0, ret=0
39:18.930 [683c76a0] [SDL] SDL_IOControl: code=0xe

39:18.930 [683c76a0] [SDL] SDL_IOControl: code=0xe, dwRet=0

39:18.930 [683c76a0] [API] uSDLThreadProc: waitstat=0, got Event flags=80
39:18.930 [683c76a0] [API] jniEventCB: calling 64e31df5, flags=80, pctx=680b9008
